<?xml version="1.0" encoding="UTF-8"?>
<!-- Generated by org.testng.reporters.JUnitReportReporter -->
<testsuite skipped="0" hostname="DESKTOP-DORSVS4" name="org.google.tests.TC001" tests="2" failures="0" timestamp="03 Jan 2022 14:20:09 GMT" time="19.617" errors="0">
  <testcase name="GoogleSearchTest" time="10.094" classname="org.google.tests.TC001"/>
  <testcase name="GoogleSearchTest" time="9.523" classname="org.google.tests.TC001"/>
</testsuite> <!-- org.google.tests.TC001 -->
